<?xml version="1.0" encoding="UTF-8"?>
<!-- Generated by org.testng.reporters.JUnitReportReporter -->
<testsuite hostname="RAVI-11" failures="0" tests="1" name="Comprehensive.Hybrid.UiStore.CreateAccountTest" time="45.526" errors="0" timestamp="2021-11-18T20:31:17 IST" skipped="0">
  <testcase classname="Comprehensive.Hybrid.UiStore.CreateAccountTest" name="creatingAccount" time="45.526"/>
  <system-out/>
</testsuite> <!-- Comprehensive.Hybrid.UiStore.CreateAccountTest -->
