<?xml version="1.0" encoding="UTF-8"?>
<!-- Generated by org.testng.reporters.JUnitReportReporter -->
<testsuite hostname="RAVI-11" failures="0" tests="1" name="Comprehensive.Hybrid.PageObjects.BuyAdiyogiTest" time="39.485" errors="0" timestamp="2021-11-21T14:37:01 IST" skipped="0">
  <testcase classname="Comprehensive.Hybrid.PageObjects.BuyAdiyogiTest" name="wishlisting" time="39.485"/>
  <system-out/>
</testsuite> <!-- Comprehensive.Hybrid.PageObjects.BuyAdiyogiTest -->
