<?xml version="1.0" encoding="UTF-8"?>
<!-- Generated by org.testng.reporters.JUnitReportReporter -->
<testsuite hostname="RAVI-11" failures="0" tests="1" name="Comprehensive.Hybrid.PageObjects.SearchForItemTest" time="18.345" errors="0" timestamp="2021-11-22T17:15:37 IST" skipped="0">
  <testcase classname="Comprehensive.Hybrid.PageObjects.SearchForItemTest" name="ItemSearch" time="18.345"/>
  <system-out/>
</testsuite> <!-- Comprehensive.Hybrid.PageObjects.SearchForItemTest -->
